=== RUN   kuttl
    harness.go:447: starting setup
    harness.go:245: running tests with KIND.
    harness.go:174: temp folder created /var/folders/c1/_dm_dl1d7953gtq8dmyfx9x80000gp/T/kuttl161527920
    harness.go:156: Starting KIND cluster
    kind.go:67: Adding Containers to KIND...
    harness.go:275: Successful connection to cluster at: https://127.0.0.1:63635
    harness.go:343: running tests
    harness.go:74: going to run test suite with timeout of 60 seconds for each step
    harness.go:355: testsuite: ./tests/e2e/ has 1 tests
=== RUN   kuttl/harness
=== RUN   kuttl/harness/example-test
=== PAUSE kuttl/harness/example-test
=== CONT  kuttl/harness/example-test
    logger.go:42: 16:41:45 | example-test | Creating namespace: kuttl-test-firm-molly
    logger.go:42: 16:41:45 | example-test/0-install | starting test step 0-install
    logger.go:42: 16:41:45 | example-test/0-install | Deployment:kuttl-test-firm-molly/example-deployment created
    logger.go:42: 16:42:45 | example-test/0-install | test step failed 0-install
    case.go:231: failed in step 0-install
    case.go:233: retrieving API resource for /, Kind=Deployment failed: groupVersion shouldn't be empty
    logger.go:42: 16:42:45 | example-test | example-test events from ns kuttl-test-firm-molly:
    logger.go:42: 16:42:45 | example-test | 2021-02-09 16:41:45 +0100 CET	Warning	Pod example-deployment-585449566-47p7k		FailedScheduling	0/1 nodes are available: 1 node(s) had taint {node.kubernetes.io/not-ready: }, that the pod didn't tolerate.		
    logger.go:42: 16:42:45 | example-test | 2021-02-09 16:41:45 +0100 CET	Warning	Pod example-deployment-585449566-ncm65		FailedScheduling	0/1 nodes are available: 1 node(s) had taint {node.kubernetes.io/not-ready: }, that the pod didn't tolerate.		
    logger.go:42: 16:42:45 | example-test | 2021-02-09 16:41:45 +0100 CET	Warning	Pod example-deployment-585449566-rg5qm		FailedScheduling	0/1 nodes are available: 1 node(s) had taint {node.kubernetes.io/not-ready: }, that the pod didn't tolerate.		
    logger.go:42: 16:42:45 | example-test | 2021-02-09 16:41:45 +0100 CET	Normal	ReplicaSet.apps example-deployment-585449566		SuccessfulCreate	Created pod: example-deployment-585449566-rg5qm		
    logger.go:42: 16:42:45 | example-test | 2021-02-09 16:41:45 +0100 CET	Normal	ReplicaSet.apps example-deployment-585449566		SuccessfulCreate	Created pod: example-deployment-585449566-ncm65		
    logger.go:42: 16:42:45 | example-test | 2021-02-09 16:41:45 +0100 CET	Normal	ReplicaSet.apps example-deployment-585449566		SuccessfulCreate	Created pod: example-deployment-585449566-47p7k		
    logger.go:42: 16:42:45 | example-test | 2021-02-09 16:41:45 +0100 CET	Normal	Deployment.apps example-deployment		ScalingReplicaSet	Scaled up replica set example-deployment-585449566 to 3		
    logger.go:42: 16:42:45 | example-test | 2021-02-09 16:41:55 +0100 CET	Normal	Pod example-deployment-585449566-47p7k		Scheduled	Successfully assigned kuttl-test-firm-molly/example-deployment-585449566-47p7k to kind-control-plane		
    logger.go:42: 16:42:45 | example-test | 2021-02-09 16:41:55 +0100 CET	Normal	Pod example-deployment-585449566-ncm65		Scheduled	Successfully assigned kuttl-test-firm-molly/example-deployment-585449566-ncm65 to kind-control-plane		
    logger.go:42: 16:42:45 | example-test | 2021-02-09 16:41:55 +0100 CET	Normal	Pod example-deployment-585449566-rg5qm		Scheduled	Successfully assigned kuttl-test-firm-molly/example-deployment-585449566-rg5qm to kind-control-plane		
    logger.go:42: 16:42:45 | example-test | 2021-02-09 16:41:55 +0100 CET	Normal	Pod example-deployment-585449566-rg5qm.spec.containers{nginx}		Pulling	Pulling image "nginx:latest"		
    logger.go:42: 16:42:45 | example-test | 2021-02-09 16:41:56 +0100 CET	Normal	Pod example-deployment-585449566-47p7k.spec.containers{nginx}		Pulling	Pulling image "nginx:latest"		
    logger.go:42: 16:42:45 | example-test | 2021-02-09 16:41:56 +0100 CET	Normal	Pod example-deployment-585449566-ncm65.spec.containers{nginx}		Pulling	Pulling image "nginx:latest"		
    logger.go:42: 16:42:45 | example-test | 2021-02-09 16:42:22 +0100 CET	Normal	Pod example-deployment-585449566-rg5qm.spec.containers{nginx}		Pulled	Successfully pulled image "nginx:latest" in 26.975655606s		
    logger.go:42: 16:42:45 | example-test | 2021-02-09 16:42:23 +0100 CET	Normal	Pod example-deployment-585449566-rg5qm.spec.containers{nginx}		Created	Created container nginx		
    logger.go:42: 16:42:45 | example-test | 2021-02-09 16:42:23 +0100 CET	Normal	Pod example-deployment-585449566-rg5qm.spec.containers{nginx}		Started	Started container nginx		
    logger.go:42: 16:42:45 | example-test | 2021-02-09 16:42:24 +0100 CET	Normal	Pod example-deployment-585449566-ncm65.spec.containers{nginx}		Pulled	Successfully pulled image "nginx:latest" in 27.987681838s		
    logger.go:42: 16:42:45 | example-test | 2021-02-09 16:42:24 +0100 CET	Normal	Pod example-deployment-585449566-ncm65.spec.containers{nginx}		Created	Created container nginx		
    logger.go:42: 16:42:45 | example-test | 2021-02-09 16:42:24 +0100 CET	Normal	Pod example-deployment-585449566-ncm65.spec.containers{nginx}		Started	Started container nginx		
    logger.go:42: 16:42:45 | example-test | 2021-02-09 16:42:25 +0100 CET	Normal	Pod example-deployment-585449566-47p7k.spec.containers{nginx}		Pulled	Successfully pulled image "nginx:latest" in 29.089404276s		
    logger.go:42: 16:42:45 | example-test | 2021-02-09 16:42:25 +0100 CET	Normal	Pod example-deployment-585449566-47p7k.spec.containers{nginx}		Created	Created container nginx		
    logger.go:42: 16:42:45 | example-test | 2021-02-09 16:42:25 +0100 CET	Normal	Pod example-deployment-585449566-47p7k.spec.containers{nginx}		Started	Started container nginx		
    logger.go:42: 16:42:45 | example-test | Deleting namespace: kuttl-test-firm-molly
=== CONT  kuttl
    harness.go:389: run tests finished
    harness.go:498: cleaning up
    harness.go:507: collecting cluster logs to kind-logs-1612885365
    harness.go:553: removing temp folder: "/var/folders/c1/_dm_dl1d7953gtq8dmyfx9x80000gp/T/kuttl161527920"
    harness.go:559: tearing down kind cluster
--- FAIL: kuttl (116.35s)
    --- FAIL: kuttl/harness (0.00s)
        --- FAIL: kuttl/harness/example-test (60.43s)
FAIL
